<?xml version="1.0" encoding="UTF-8"?>
<!-- Generated by org.testng.reporters.JUnitXMLReporter -->
<testsuite ignored="2" hostname="QAW2019RRA10" failures="0" tests="1" name="Default test" time="5.811" errors="0" timestamp="2023-03-18T06:50:22 UTC">
  <testcase classname="qaclickacademy.Mavenjava.appiumTest" name="postjira" time="5.752"/>
  <testcase classname="qaclickacademy.Mavenjava.appiumTest" name="tab" time="0.0">
    <ignored/>
  </testcase> <!-- tab -->
  <testcase classname="qaclickacademy.Mavenjava.appiumTest" name="delTwitter" time="0.0">
    <ignored/>
  </testcase> <!-- delTwitter -->
</testsuite> <!-- Default test -->
