<?xml version="1.0" encoding="UTF-8"?>
<!-- Generated by org.testng.reporters.JUnitXMLReporter -->
<testsuite ignored="0" hostname="QAW2019RRA10" failures="0" tests="6" name="Command line test" time="0.163" errors="0" timestamp="2022-08-08T12:48:40 UTC">
  <testcase classname="qaclickacademy.Mavenjava.appiumTest" name="delTwitter" time="0.007"/>
  <testcase classname="qaclickacademy.Mavenjava.appiumTest" name="postjira" time="0.002"/>
  <testcase classname="qaclickacademy.Mavenjava.RestapiTest" name="delTwitter" time="0.001"/>
  <testcase classname="qaclickacademy.Mavenjava.RestapiTest" name="postjira" time="0.002"/>
  <testcase classname="qaclickacademy.Mavenjava.SeleniumTest" name="Browseautomation" time="0.001"/>
  <testcase classname="qaclickacademy.Mavenjava.SeleniumTest" name="elementUI" time="0.0"/>
</testsuite> <!-- Command line test -->
