<?xml version="1.0" encoding="UTF-8"?>
<testng-results ignored="2" total="3" passed="1" failed="0" skipped="0">
  <reporter-output>
  </reporter-output>
  <suite started-at="2023-03-18T06:50:16 UTC" name="Default suite" finished-at="2023-03-18T06:50:22 UTC" duration-ms="5811">
    <groups>
    </groups>
    <test started-at="2023-03-18T06:50:16 UTC" name="Default test" finished-at="2023-03-18T06:50:22 UTC" duration-ms="5811">
      <class name="qaclickacademy.Mavenjava.appiumTest">
        <test-method signature="postjira()[pri:0, instance:qaclickacademy.Mavenjava.appiumTest@42e99e4a]" started-at="2023-03-18T06:50:16 UTC" name="postjira" finished-at="2023-03-18T06:50:22 UTC" duration-ms="5752" status="PASS">
          <reporter-output>
          </reporter-output>
        </test-method> <!-- postjira -->
      </class> <!-- qaclickacademy.Mavenjava.appiumTest -->
    </test> <!-- Default test -->
  </suite> <!-- Default suite -->
</testng-results>
